<?xml version="1.0" encoding="UTF-8"?>
<testng-results ignored="0" total="1" passed="1" failed="0" skipped="0">
  <reporter-output>
  </reporter-output>
  <suite started-at="2024-08-20T23:44:08 EEST" name="All Test Suite" finished-at="2024-08-20T23:44:14 EEST" duration-ms="6689">
    <groups>
    </groups>
    <test started-at="2024-08-20T23:44:08 EEST" name="C:/Personal/AholdDelhaize/Documentation/Automation/test-automation-project/test-automation-maven/src/test/java/day47/LoginTest.java" finished-at="2024-08-20T23:44:14 EEST" duration-ms="6689">
      <class name="day47.LoginTest">
        <test-method is-config="true" signature="setup()[pri:0, instance:day47.LoginTest@5f058f00]" started-at="2024-08-20T23:44:08 EEST" name="setup" finished-at="2024-08-20T23:44:13 EEST" duration-ms="5290" status="PASS">
          <reporter-output>
          </reporter-output>
        </test-method> <!-- setup -->
        <test-method signature="testLogin()[pri:0, instance:day47.LoginTest@5f058f00]" started-at="2024-08-20T23:44:13 EEST" name="testLogin" finished-at="2024-08-20T23:44:14 EEST" duration-ms="1352" status="PASS">
          <reporter-output>
          </reporter-output>
        </test-method> <!-- testLogin -->
        <test-method is-config="true" signature="tearDown()[pri:0, instance:day47.LoginTest@5f058f00]" started-at="2024-08-20T23:44:14 EEST" name="tearDown" finished-at="2024-08-20T23:44:14 EEST" duration-ms="0" status="PASS">
          <reporter-output>
          </reporter-output>
        </test-method> <!-- tearDown -->
      </class> <!-- day47.LoginTest -->
    </test> <!-- C:/Personal/AholdDelhaize/Documentation/Automation/test-automation-project/test-automation-maven/src/test/java/day47/LoginTest.java -->
  </suite> <!-- All Test Suite -->
</testng-results>
